<?xml version="1.0" encoding="UTF-8"?>
<!-- Generated by org.testng.reporters.JUnitXMLReporter -->
<testsuite ignored="23" hostname="Yogesh" failures="1" tests="1" name="Default test" time="12.543" errors="0" timestamp="2023-04-04T21:16:54 IST">
  <testcase classname="scripts.LogInTestCase" name="loginTestCasesOne" time="10.156">
    <failure type="org.openqa.selenium.NoSuchElementException" message="no such element: Unable to locate element: {&amp;quot;method&amp;quot;:&amp;quot;css selector&amp;quot;,&amp;quot;selector&amp;quot;:&amp;quot;*[name=&amp;apos;&amp;apos;]&amp;quot;}
  (Session info: chrome=111.0.5563.147)
For documentation on this error, please visit: https://www.seleniumhq.org/exceptions/no_such_element.html
Build info: version: &amp;apos;3.141.59&amp;apos;, revision: &amp;apos;e82be7d358&amp;apos;, time: &amp;apos;2018-11-14T08:17:03&amp;apos;
System info: host: &amp;apos;YOGESH&amp;apos;, ip: &amp;apos;192.168.1.35&amp;apos;, os.name: &amp;apos;Windows 11&amp;apos;, os.arch: &amp;apos;amd64&amp;apos;, os.version: &amp;apos;10.0&amp;apos;, java.version: &amp;apos;17.0.5&amp;apos;
Driver info: org.openqa.selenium.chrome.ChromeDriver
Capabilities {acceptInsecureCerts: false, browserName: chrome, browserVersion: 111.0.5563.147, chrome: {chromedriverVersion: 111.0.5563.64 (c710e93d5b63..., userDataDir: C:\Program Files (x86)\scop...}, goog:chromeOptions: {debuggerAddress: localhost:59501}, javascriptEnabled: true, networkConnectionEnabled: false, pageLoadStrategy: normal, platform: WINDOWS, platformName: WINDOWS, proxy: Proxy(), setWindowRect: true, strictFileInteractability: false, timeouts: {implicit: 0, pageLoad: 300000, script: 30000}, unhandledPromptBehavior: dismiss and notify, webauthn:extension:credBlob: true, webauthn:extension:largeBlob: true, webauthn:extension:minPinLength: true, webauthn:extension:prf: true, webauthn:virtualAuthenticators: true}
Session ID: ef25262e5862a3377eb3e39767bf82df
*** Element info: {Using=name, value=}">
      <![CDATA[org.openqa.selenium.NoSuchElementException: no such element: Unable to locate element: {"method":"css selector","selector":"*[name='']"}
  (Session info: chrome=111.0.5563.147)
For documentation on this error, please visit: https://www.seleniumhq.org/exceptions/no_such_element.html
Build info: version: '3.141.59', revision: 'e82be7d358', time: '2018-11-14T08:17:03'
System info: host: 'YOGESH', ip: '192.168.1.35', os.name: 'Windows 11', os.arch: 'amd64', os.version: '10.0', java.version: '17.0.5'
Driver info: org.openqa.selenium.chrome.ChromeDriver
Capabilities {acceptInsecureCerts: false, browserName: chrome, browserVersion: 111.0.5563.147, chrome: {chromedriverVersion: 111.0.5563.64 (c710e93d5b63..., userDataDir: C:\Program Files (x86)\scop...}, goog:chromeOptions: {debuggerAddress: localhost:59501}, javascriptEnabled: true, networkConnectionEnabled: false, pageLoadStrategy: normal, platform: WINDOWS, platformName: WINDOWS, proxy: Proxy(), setWindowRect: true, strictFileInteractability: false, timeouts: {implicit: 0, pageLoad: 300000, script: 30000}, unhandledPromptBehavior: dismiss and notify, webauthn:extension:credBlob: true, webauthn:extension:largeBlob: true, webauthn:extension:minPinLength: true, webauthn:extension:prf: true, webauthn:virtualAuthenticators: true}
Session ID: ef25262e5862a3377eb3e39767bf82df
*** Element info: {Using=name, value=}
at java.base/jdk.internal.reflect.NativeConstructorAccessorImpl.newInstance0(Native Method)
at java.base/jdk.internal.reflect.NativeConstructorAccessorImpl.newInstance(NativeConstructorAccessorImpl.java:77)
at java.base/jdk.internal.reflect.DelegatingConstructorAccessorImpl.newInstance(DelegatingConstructorAccessorImpl.java:45)
at java.base/java.lang.reflect.Constructor.newInstanceWithCaller(Constructor.java:499)
at java.base/java.lang.reflect.Constructor.newInstance(Constructor.java:480)
at org.openqa.selenium.remote.http.W3CHttpResponseCodec.createException(W3CHttpResponseCodec.java:187)
at org.openqa.selenium.remote.http.W3CHttpResponseCodec.decode(W3CHttpResponseCodec.java:122)
at org.openqa.selenium.remote.http.W3CHttpResponseCodec.decode(W3CHttpResponseCodec.java:49)
at org.openqa.selenium.remote.HttpCommandExecutor.execute(HttpCommandExecutor.java:158)
at org.openqa.selenium.remote.service.DriverCommandExecutor.execute(DriverCommandExecutor.java:83)
at org.openqa.selenium.remote.RemoteWebDriver.execute(RemoteWebDriver.java:552)
at org.openqa.selenium.remote.RemoteWebDriver.findElement(RemoteWebDriver.java:323)
at org.openqa.selenium.remote.RemoteWebDriver.findElementByName(RemoteWebDriver.java:404)
at org.openqa.selenium.By$ByName.findElement(By.java:284)
at org.openqa.selenium.remote.RemoteWebDriver.findElement(RemoteWebDriver.java:315)
at genericlibrary.WebDriverMethods.sendKeys(WebDriverMethods.java:159)
at scripts.LogInTestCase.loginTestCasesOne(LogInTestCase.java:13)
at java.base/jdk.internal.reflect.NativeMethodAccessorImpl.invoke0(Native Method)
at java.base/jdk.internal.reflect.NativeMethodAccessorImpl.invoke(NativeMethodAccessorImpl.java:77)
at java.base/jdk.internal.reflect.DelegatingMethodAccessorImpl.invoke(DelegatingMethodAccessorImpl.java:43)
at java.base/java.lang.reflect.Method.invoke(Method.java:568)
at org.testng.internal.MethodInvocationHelper.invokeMethod(MethodInvocationHelper.java:133)
at org.testng.internal.TestInvoker.invokeMethod(TestInvoker.java:598)
at org.testng.internal.TestInvoker.invokeTestMethod(TestInvoker.java:173)
at org.testng.internal.MethodRunner.runInSequence(MethodRunner.java:46)
at org.testng.internal.TestInvoker$MethodInvocationAgent.invoke(TestInvoker.java:824)
at org.testng.internal.TestInvoker.invokeTestMethods(TestInvoker.java:146)
at org.testng.internal.TestMethodWorker.invokeTestMethods(TestMethodWorker.java:146)
at org.testng.internal.TestMethodWorker.run(TestMethodWorker.java:128)
at java.base/java.util.ArrayList.forEach(ArrayList.java:1511)
at org.testng.TestRunner.privateRun(TestRunner.java:794)
at org.testng.TestRunner.run(TestRunner.java:596)
at org.testng.SuiteRunner.runTest(SuiteRunner.java:377)
at org.testng.SuiteRunner.runSequentially(SuiteRunner.java:371)
at org.testng.SuiteRunner.privateRun(SuiteRunner.java:332)
at org.testng.SuiteRunner.run(SuiteRunner.java:276)
at org.testng.SuiteRunnerWorker.runSuite(SuiteRunnerWorker.java:53)
at org.testng.SuiteRunnerWorker.run(SuiteRunnerWorker.java:96)
at org.testng.TestNG.runSuitesSequentially(TestNG.java:1212)
at org.testng.TestNG.runSuitesLocally(TestNG.java:1134)
at org.testng.TestNG.runSuites(TestNG.java:1063)
at org.testng.TestNG.run(TestNG.java:1031)
at org.testng.remote.AbstractRemoteTestNG.run(AbstractRemoteTestNG.java:115)
at org.testng.remote.RemoteTestNG.initAndRun(RemoteTestNG.java:251)
at org.testng.remote.RemoteTestNG.main(RemoteTestNG.java:77)
]]>
    </failure>
  </testcase> <!-- loginTestCasesOne -->
  <testcase classname="scripts.LogInTestCase" name="loginTestCasesFour" time="0.0">
    <ignored/>
  </testcase> <!-- loginTestCasesFour -->
  <testcase classname="scripts.LogInTestCase" name="LoginTestCaseEighteen" time="0.0">
    <ignored/>
  </testcase> <!-- LoginTestCaseEighteen -->
  <testcase classname="scripts.LogInTestCase" name="LoginTestCaseTwentyTwo" time="0.0">
    <ignored/>
  </testcase> <!-- LoginTestCaseTwentyTwo -->
  <testcase classname="scripts.LogInTestCase" name="loginTestCasesEleven" time="0.0">
    <ignored/>
  </testcase> <!-- loginTestCasesEleven -->
  <testcase classname="scripts.LogInTestCase" name="loginTestCasesThree" time="0.0">
    <ignored/>
  </testcase> <!-- loginTestCasesThree -->
  <testcase classname="scripts.LogInTestCase" name="LoginTestCaseFifteen" time="0.0">
    <ignored/>
  </testcase> <!-- LoginTestCaseFifteen -->
  <testcase classname="scripts.LogInTestCase" name="loginTestCasesNine" time="0.0">
    <ignored/>
  </testcase> <!-- loginTestCasesNine -->
  <testcase classname="scripts.LogInTestCase" name="LoginTestCaseTwenty" time="0.0">
    <ignored/>
  </testcase> <!-- LoginTestCaseTwenty -->
  <testcase classname="scripts.LogInTestCase" name="LoginTestCaseThirteen" time="0.0">
    <ignored/>
  </testcase> <!-- LoginTestCaseThirteen -->
  <testcase classname="scripts.LogInTestCase" name="LoginTestCaseFourteen" time="0.0">
    <ignored/>
  </testcase> <!-- LoginTestCaseFourteen -->
  <testcase classname="scripts.LogInTestCase" name="loginTestCasesEight" time="0.0">
    <ignored/>
  </testcase> <!-- loginTestCasesEight -->
  <testcase classname="scripts.LogInTestCase" name="LoginTestCaseNineteen" time="0.0">
    <ignored/>
  </testcase> <!-- LoginTestCaseNineteen -->
  <testcase classname="scripts.LogInTestCase" name="loginTestCasesSix" time="0.0">
    <ignored/>
  </testcase> <!-- loginTestCasesSix -->
  <testcase classname="scripts.LogInTestCase" name="LoginTestCaseSeventeen" time="0.0">
    <ignored/>
  </testcase> <!-- LoginTestCaseSeventeen -->
  <testcase classname="scripts.LogInTestCase" name="LoginTestCaseTwentyThree" time="0.0">
    <ignored/>
  </testcase> <!-- LoginTestCaseTwentyThree -->
  <testcase classname="scripts.LogInTestCase" name="loginTestCasesTwo" time="0.0">
    <ignored/>
  </testcase> <!-- loginTestCasesTwo -->
  <testcase classname="scripts.LogInTestCase" name="loginTestCasesFive" time="0.0">
    <ignored/>
  </testcase> <!-- loginTestCasesFive -->
  <testcase classname="scripts.LogInTestCase" name="loginTestCasesSeven" time="0.0">
    <ignored/>
  </testcase> <!-- loginTestCasesSeven -->
  <testcase classname="scripts.LogInTestCase" name="LoginTestCaseTwentyOne" time="0.0">
    <ignored/>
  </testcase> <!-- LoginTestCaseTwentyOne -->
  <testcase classname="scripts.LogInTestCase" name="loginTestCasesTwelve" time="0.0">
    <ignored/>
  </testcase> <!-- loginTestCasesTwelve -->
  <testcase classname="scripts.LogInTestCase" name="LoginTestCaseSixteen" time="0.0">
    <ignored/>
  </testcase> <!-- LoginTestCaseSixteen -->
  <testcase classname="scripts.LogInTestCase" name="LoginTestCaseTwentyFour" time="0.0">
    <ignored/>
  </testcase> <!-- LoginTestCaseTwentyFour -->
  <testcase classname="scripts.LogInTestCase" name="loginTestCasesTen" time="0.0">
    <ignored/>
  </testcase> <!-- loginTestCasesTen -->
</testsuite> <!-- Default test -->
